#
# There is insufficient memory for the Java Runtime Environment to continue.
# Native memory allocation (malloc) failed to allocate 1498416 bytes for Chunk::new
# Possible reasons:
#   The system is out of physical RAM or swap space
#   The process is running with CompressedOops enabled, and the Java Heap may be blocking the growth of the native heap
# Possible solutions:
#   Reduce memory load on the system
#   Increase physical memory or swap space
#   Check if swap backing store is full
#   Decrease Java heap size (-Xmx/-Xms)
#   Decrease number of Java threads
#   Decrease Java thread stack sizes (-Xss)
#   Set larger code cache with -XX:ReservedCodeCacheSize=
#   JVM is running with Unscaled Compressed Oops mode in which the Java heap is
#     placed in the first 4GB address space. The Java Heap base address is the
#     maximum limit for the native heap growth. Please use -XX:HeapBaseMinAddress
#     to set the Java Heap base and to place the Java Heap above 4GB virtual address.
# This output file may be truncated or incomplete.
#
#  Out of Memory Error (./src/hotspot/share/memory/arena.cpp:197), pid=7780, tid=5408
#
# JRE version: OpenJDK Runtime Environment (11.0.12+7) (build 11.0.12+7-b1504.28-7817840)
# Java VM: OpenJDK 64-Bit Server VM (11.0.12+7-b1504.28-7817840, mixed mode, tiered, compressed oops, g1 gc, windows-amd64)
# No core dump will be written. Minidumps are not enabled by default on client versions of Windows
#

---------------  S U M M A R Y ------------

Command Line: --add-opens=java.base/java.util=ALL-UNNAMED --add-opens=java.base/java.lang=ALL-UNNAMED --add-opens=java.base/java.lang.invoke=ALL-UNNAMED --add-opens=java.base/java.util=ALL-UNNAMED --add-opens=java.prefs/java.util.prefs=ALL-UNNAMED --add-opens=java.prefs/java.util.prefs=ALL-UNNAMED --add-opens=java.base/java.nio.charset=ALL-UNNAMED --add-opens=java.base/java.net=ALL-UNNAMED --add-opens=java.base/java.util.concurrent.atomic=ALL-UNNAMED -Xmx1536M -Dfile.encoding=windows-1252 -Duser.country=CH -Duser.language=fr -Duser.variant org.gradle.launcher.daemon.bootstrap.GradleDaemon 7.4

Host: Intel(R) Core(TM) i5-4300U CPU @ 1.90GHz, 4 cores, 7G,  Windows 10 , 64 bit Build 19041 (10.0.19041.1889)
Time: Wed Oct 26 14:35:32 2022 Greenwich elapsed time: 572.708538 seconds (0d 0h 9m 32s)

---------------  T H R E A D  ---------------

Current thread (0x0000027e6e677800):  JavaThread "C2 CompilerThread0" daemon [_thread_in_native, id=5408, stack(0x000000c0c3000000,0x000000c0c3100000)]


Current CompileTask:
C2: 572709 8979       4       java.beans.Introspector::addPropertyDescriptor (265 bytes)

Stack: [0x000000c0c3000000,0x000000c0c3100000]
Native frames: (J=compiled Java code, j=interpreted, Vv=VM code, C=native code)
V  [jvm.dll+0x5fbcea]
V  [jvm.dll+0x731905]
V  [jvm.dll+0x732f1d]
V  [jvm.dll+0x7335d3]
V  [jvm.dll+0x247bf8]
V  [jvm.dll+0xc018c]
V  [jvm.dll+0xc06cc]
V  [jvm.dll+0x35b2db]
V  [jvm.dll+0x328803]
V  [jvm.dll+0x327cfa]
V  [jvm.dll+0x200602]
V  [jvm.dll+0x1ff794]
V  [jvm.dll+0x18868c]
V  [jvm.dll+0x20e0d7]
V  [jvm.dll+0x20c901]
V  [jvm.dll+0x6f9b7f]
V  [jvm.dll+0x6f26a5]
V  [jvm.dll+0x5fabf6]
C  [ucrtbase.dll+0x21bb2]
C  [KERNEL32.DLL+0x17034]
C  [ntdll.dll+0x526a1]


---------------  P R O C E S S  ---------------

Threads class SMR info:
_java_thread_list=0x0000027e76466ba0, length=79, elements={
0x0000027e55d4e000, 0x0000027e6e64b000, 0x0000027e6e64d000, 0x0000027e6e66b800,
0x0000027e6e66c800, 0x0000027e6e66d800, 0x0000027e6e677800, 0x0000027e6e67b000,
0x0000027e6e67d000, 0x0000027e6f159800, 0x0000027e700f4000, 0x0000027e6f3c6800,
0x0000027e70620000, 0x0000027e70043000, 0x0000027e70780000, 0x0000027e7138a000,
0x0000027e6fdd4800, 0x0000027e7106c000, 0x0000027e6f4d0000, 0x0000027e6f4d1800,
0x0000027e6f4d5000, 0x0000027e6f4d2800, 0x0000027e6f4d4000, 0x0000027e6f4d3000,
0x0000027e6f4d0800, 0x0000027e6f4cf000, 0x0000027e6f4d5800, 0x0000027e70907000,
0x0000027e70907800, 0x0000027e70906000, 0x0000027e70909000, 0x0000027e70903800,
0x0000027e7090a000, 0x0000027e7090b000, 0x0000027e70905000, 0x0000027e70911800,
0x0000027e7090b800, 0x0000027e7090e000, 0x0000027e7090f000, 0x0000027e70912000,
0x0000027e70910000, 0x0000027e7090c800, 0x0000027e7090d800, 0x0000027e70910800,
0x0000027e73a2d800, 0x0000027e73a30800, 0x0000027e73a31800, 0x0000027e73a2c800,
0x0000027e73a2b800, 0x0000027e73a2e000, 0x0000027e73a34000, 0x0000027e73a2f000,
0x0000027e73a32000, 0x0000027e73a33000, 0x0000027e73a34800, 0x0000027e73a35800,
0x0000027e73a30000, 0x0000027e73a36800, 0x0000027e73a37000, 0x0000027e73a38000,
0x0000027e73a39000, 0x0000027e73a39800, 0x0000027e73a3a800, 0x0000027e7065b800,
0x0000027e7065b000, 0x0000027e70659800, 0x0000027e7065d800, 0x0000027e7065c800,
0x0000027e7065a000, 0x0000027e70661800, 0x0000027e70662800, 0x0000027e70664000,
0x0000027e70663000, 0x0000027e70660800, 0x0000027e7065f000, 0x0000027e7065e000,
0x0000027e70660000, 0x0000027e70665800, 0x0000027e70666800
}

Java Threads: ( => current thread )
  0x0000027e55d4e000 JavaThread "main" [_thread_blocked, id=14892, stack(0x000000c0c2400000,0x000000c0c2500000)]
  0x0000027e6e64b000 JavaThread "Reference Handler" daemon [_thread_blocked, id=14748, stack(0x000000c0c2b00000,0x000000c0c2c00000)]
  0x0000027e6e64d000 JavaThread "Finalizer" daemon [_thread_blocked, id=204, stack(0x000000c0c2c00000,0x000000c0c2d00000)]
  0x0000027e6e66b800 JavaThread "Signal Dispatcher" daemon [_thread_blocked, id=14816, stack(0x000000c0c2d00000,0x000000c0c2e00000)]
  0x0000027e6e66c800 JavaThread "Attach Listener" daemon [_thread_blocked, id=9984, stack(0x000000c0c2e00000,0x000000c0c2f00000)]
  0x0000027e6e66d800 JavaThread "Service Thread" daemon [_thread_blocked, id=15008, stack(0x000000c0c2f00000,0x000000c0c3000000)]
=>0x0000027e6e677800 JavaThread "C2 CompilerThread0" daemon [_thread_in_native, id=5408, stack(0x000000c0c3000000,0x000000c0c3100000)]
  0x0000027e6e67b000 JavaThread "C1 CompilerThread0" daemon [_thread_blocked, id=4268, stack(0x000000c0c3100000,0x000000c0c3200000)]
  0x0000027e6e67d000 JavaThread "Sweeper thread" daemon [_thread_blocked, id=2372, stack(0x000000c0c3200000,0x000000c0c3300000)]
  0x0000027e6f159800 JavaThread "Common-Cleaner" daemon [_thread_blocked, id=12736, stack(0x000000c0c3300000,0x000000c0c3400000)]
  0x0000027e700f4000 JavaThread "Daemon health stats" [_thread_blocked, id=11628, stack(0x000000c0c3700000,0x000000c0c3800000)]
  0x0000027e6f3c6800 JavaThread "Incoming local TCP Connector on port 57346" [_thread_in_native, id=11600, stack(0x000000c0c3800000,0x000000c0c3900000)]
  0x0000027e70620000 JavaThread "Daemon periodic checks" [_thread_blocked, id=5712, stack(0x000000c0c3900000,0x000000c0c3a00000)]
  0x0000027e70043000 JavaThread "Daemon" [_thread_blocked, id=3516, stack(0x000000c0c3a00000,0x000000c0c3b00000)]
  0x0000027e70780000 JavaThread "Handler for socket connection from /127.0.0.1:57346 to /127.0.0.1:57347" [_thread_in_native, id=14740, stack(0x000000c0c3b00000,0x000000c0c3c00000)]
  0x0000027e7138a000 JavaThread "Cancel handler" [_thread_blocked, id=12784, stack(0x000000c0c3c00000,0x000000c0c3d00000)]
  0x0000027e6fdd4800 JavaThread "Daemon worker" [_thread_in_native, id=3552, stack(0x000000c0c3d00000,0x000000c0c3e00000)]
  0x0000027e7106c000 JavaThread "Asynchronous log dispatcher for DefaultDaemonConnection: socket connection from /127.0.0.1:57346 to /127.0.0.1:57347" [_thread_blocked, id=11688, stack(0x000000c0c3e00000,0x000000c0c3f00000)]
  0x0000027e6f4d0000 JavaThread "Stdin handler" [_thread_blocked, id=10288, stack(0x000000c0c3f00000,0x000000c0c4000000)]
  0x0000027e6f4d1800 JavaThread "Daemon client event forwarder" [_thread_blocked, id=14184, stack(0x000000c0c4000000,0x000000c0c4100000)]
  0x0000027e6f4d5000 JavaThread "Cache worker for journal cache (C:\Users\hp\.gradle\caches\journal-1)" [_thread_blocked, id=8768, stack(0x000000c0c4200000,0x000000c0c4300000)]
  0x0000027e6f4d2800 JavaThread "File lock request listener" [_thread_in_native, id=15040, stack(0x000000c0c4300000,0x000000c0c4400000)]
  0x0000027e6f4d4000 JavaThread "Cache worker for file hash cache (C:\Users\hp\.gradle\caches\7.4\fileHashes)" [_thread_blocked, id=2800, stack(0x000000c0c4400000,0x000000c0c4500000)]
  0x0000027e6f4d3000 JavaThread "File watcher server" daemon [_thread_in_native, id=10740, stack(0x000000c0c4600000,0x000000c0c4700000)]
  0x0000027e6f4d0800 JavaThread "File watcher consumer" daemon [_thread_blocked, id=5944, stack(0x000000c0c4700000,0x000000c0c4800000)]
  0x0000027e6f4cf000 JavaThread "Cache worker for checksums cache (C:\Users\hp\Desktop\PROJET_FLUTTER_FIREBASE\projet_reel\application_chat\jokko\android\.gradle\7.4\checksums)" [_thread_blocked, id=13788, stack(0x000000c0c4800000,0x000000c0c4900000)]
  0x0000027e6f4d5800 JavaThread "Cache worker for cache directory md-rule (C:\Users\hp\.gradle\caches\7.4\md-rule)" [_thread_blocked, id=9484, stack(0x000000c0c4900000,0x000000c0c4a00000)]
  0x0000027e70907000 JavaThread "Cache worker for file hash cache (C:\Users\hp\Desktop\PROJET_FLUTTER_FIREBASE\projet_reel\application_chat\jokko\android\.gradle\7.4\fileHashes)" [_thread_blocked, id=388, stack(0x000000c0c4a00000,0x000000c0c4b00000)]
  0x0000027e70907800 JavaThread "Cache worker for cache directory md-supplier (C:\Users\hp\.gradle\caches\7.4\md-supplier)" [_thread_blocked, id=12364, stack(0x000000c0c4b00000,0x000000c0c4c00000)]
  0x0000027e70906000 JavaThread "Cache worker for execution history cache (C:\Users\hp\.gradle\caches\7.4\executionHistory)" [_thread_blocked, id=5468, stack(0x000000c0c4c00000,0x000000c0c4d00000)]
  0x0000027e70909000 JavaThread "jar transforms" [_thread_blocked, id=14060, stack(0x000000c0c2200000,0x000000c0c2300000)]
  0x0000027e70903800 JavaThread "jar transforms Thread 2" [_thread_blocked, id=10260, stack(0x000000c0c2300000,0x000000c0c2400000)]
  0x0000027e7090a000 JavaThread "Cache worker for file content cache (C:\Users\hp\.gradle\caches\7.4\fileContent)" [_thread_blocked, id=13444, stack(0x000000c0c4d00000,0x000000c0c4e00000)]
  0x0000027e7090b000 JavaThread "jar transforms Thread 3" [_thread_blocked, id=3080, stack(0x000000c0c4e00000,0x000000c0c4f00000)]
  0x0000027e70905000 JavaThread "jar transforms Thread 4" [_thread_blocked, id=8932, stack(0x000000c0c4f00000,0x000000c0c5000000)]
  0x0000027e70911800 JavaThread "Cache worker for dependencies-accessors (C:\Users\hp\Desktop\PROJET_FLUTTER_FIREBASE\projet_reel\application_chat\jokko\android\.gradle\7.4\dependencies-accessors)" [_thread_blocked, id=8676, stack(0x000000c0c5000000,0x000000c0c5100000)]
  0x0000027e7090b800 JavaThread "Cache worker for Build Output Cleanup Cache (C:\Users\hp\Desktop\PROJET_FLUTTER_FIREBASE\projet_reel\application_chat\jokko\android\.gradle\buildOutputCleanup)" [_thread_blocked, id=13608, stack(0x000000c0c5100000,0x000000c0c5200000)]
  0x0000027e7090e000 JavaThread "Unconstrained build operations" [_thread_blocked, id=11852, stack(0x000000c0c5200000,0x000000c0c5300000)]
  0x0000027e7090f000 JavaThread "Unconstrained build operations Thread 2" [_thread_blocked, id=9740, stack(0x000000c0c5300000,0x000000c0c5400000)]
  0x0000027e70912000 JavaThread "Unconstrained build operations Thread 3" [_thread_blocked, id=6996, stack(0x000000c0c5400000,0x000000c0c5500000)]
  0x0000027e70910000 JavaThread "Unconstrained build operations Thread 4" [_thread_blocked, id=5324, stack(0x000000c0c5500000,0x000000c0c5600000)]
  0x0000027e7090c800 JavaThread "Unconstrained build operations Thread 5" [_thread_blocked, id=9600, stack(0x000000c0c5600000,0x000000c0c5700000)]
  0x0000027e7090d800 JavaThread "Unconstrained build operations Thread 6" [_thread_blocked, id=12128, stack(0x000000c0c5700000,0x000000c0c5800000)]
  0x0000027e70910800 JavaThread "Unconstrained build operations Thread 7" [_thread_blocked, id=15052, stack(0x000000c0c5800000,0x000000c0c5900000)]
  0x0000027e73a2d800 JavaThread "Unconstrained build operations Thread 8" [_thread_blocked, id=3240, stack(0x000000c0c5900000,0x000000c0c5a00000)]
  0x0000027e73a30800 JavaThread "Unconstrained build operations Thread 9" [_thread_blocked, id=10580, stack(0x000000c0c5a00000,0x000000c0c5b00000)]
  0x0000027e73a31800 JavaThread "Unconstrained build operations Thread 10" [_thread_blocked, id=14424, stack(0x000000c0c5b00000,0x000000c0c5c00000)]
  0x0000027e73a2c800 JavaThread "Unconstrained build operations Thread 11" [_thread_blocked, id=7468, stack(0x000000c0c5c00000,0x000000c0c5d00000)]
  0x0000027e73a2b800 JavaThread "Unconstrained build operations Thread 12" [_thread_blocked, id=12460, stack(0x000000c0c5d00000,0x000000c0c5e00000)]
  0x0000027e73a2e000 JavaThread "Unconstrained build operations Thread 13" [_thread_blocked, id=672, stack(0x000000c0c5e00000,0x000000c0c5f00000)]
  0x0000027e73a34000 JavaThread "Unconstrained build operations Thread 14" [_thread_blocked, id=14248, stack(0x000000c0c5f00000,0x000000c0c6000000)]
  0x0000027e73a2f000 JavaThread "Unconstrained build operations Thread 15" [_thread_blocked, id=14216, stack(0x000000c0c6000000,0x000000c0c6100000)]
  0x0000027e73a32000 JavaThread "Unconstrained build operations Thread 16" [_thread_blocked, id=5476, stack(0x000000c0c6100000,0x000000c0c6200000)]
  0x0000027e73a33000 JavaThread "Unconstrained build operations Thread 17" [_thread_blocked, id=5776, stack(0x000000c0c6200000,0x000000c0c6300000)]
  0x0000027e73a34800 JavaThread "Unconstrained build operations Thread 18" [_thread_blocked, id=12720, stack(0x000000c0c6300000,0x000000c0c6400000)]
  0x0000027e73a35800 JavaThread "Unconstrained build operations Thread 19" [_thread_blocked, id=9728, stack(0x000000c0c6400000,0x000000c0c6500000)]
  0x0000027e73a30000 JavaThread "Unconstrained build operations Thread 20" [_thread_blocked, id=10908, stack(0x000000c0c6500000,0x000000c0c6600000)]
  0x0000027e73a36800 JavaThread "Unconstrained build operations Thread 21" [_thread_blocked, id=10068, stack(0x000000c0c6600000,0x000000c0c6700000)]
  0x0000027e73a37000 JavaThread "Unconstrained build operations Thread 22" [_thread_blocked, id=7944, stack(0x000000c0c6700000,0x000000c0c6800000)]
  0x0000027e73a38000 JavaThread "Unconstrained build operations Thread 23" [_thread_blocked, id=10420, stack(0x000000c0c6800000,0x000000c0c6900000)]
  0x0000027e73a39000 JavaThread "Unconstrained build operations Thread 24" [_thread_blocked, id=9656, stack(0x000000c0c6900000,0x000000c0c6a00000)]
  0x0000027e73a39800 JavaThread "Unconstrained build operations Thread 25" [_thread_blocked, id=15140, stack(0x000000c0c6a00000,0x000000c0c6b00000)]
  0x0000027e73a3a800 JavaThread "Unconstrained build operations Thread 26" [_thread_blocked, id=5576, stack(0x000000c0c6b00000,0x000000c0c6c00000)]
  0x0000027e7065b800 JavaThread "Unconstrained build operations Thread 27" [_thread_blocked, id=7652, stack(0x000000c0c6c00000,0x000000c0c6d00000)]
  0x0000027e7065b000 JavaThread "Unconstrained build operations Thread 28" [_thread_blocked, id=13748, stack(0x000000c0c6d00000,0x000000c0c6e00000)]
  0x0000027e70659800 JavaThread "Unconstrained build operations Thread 29" [_thread_blocked, id=3404, stack(0x000000c0c6e00000,0x000000c0c6f00000)]
  0x0000027e7065d800 JavaThread "Unconstrained build operations Thread 30" [_thread_blocked, id=15264, stack(0x000000c0c6f00000,0x000000c0c7000000)]
  0x0000027e7065c800 JavaThread "Unconstrained build operations Thread 31" [_thread_blocked, id=1612, stack(0x000000c0c7000000,0x000000c0c7100000)]
  0x0000027e7065a000 JavaThread "Unconstrained build operations Thread 32" [_thread_blocked, id=12064, stack(0x000000c0c7100000,0x000000c0c7200000)]
  0x0000027e70661800 JavaThread "Unconstrained build operations Thread 33" [_thread_blocked, id=11064, stack(0x000000c0c7200000,0x000000c0c7300000)]
  0x0000027e70662800 JavaThread "Unconstrained build operations Thread 34" [_thread_blocked, id=13392, stack(0x000000c0c7300000,0x000000c0c7400000)]
  0x0000027e70664000 JavaThread "Unconstrained build operations Thread 35" [_thread_blocked, id=3984, stack(0x000000c0c7400000,0x000000c0c7500000)]
  0x0000027e70663000 JavaThread "Unconstrained build operations Thread 36" [_thread_blocked, id=3884, stack(0x000000c0c7500000,0x000000c0c7600000)]
  0x0000027e70660800 JavaThread "Unconstrained build operations Thread 37" [_thread_blocked, id=7728, stack(0x000000c0c7600000,0x000000c0c7700000)]
  0x0000027e7065f000 JavaThread "Unconstrained build operations Thread 38" [_thread_blocked, id=15300, stack(0x000000c0c7700000,0x000000c0c7800000)]
  0x0000027e7065e000 JavaThread "Unconstrained build operations Thread 39" [_thread_blocked, id=8820, stack(0x000000c0c7800000,0x000000c0c7900000)]
  0x0000027e70660000 JavaThread "Unconstrained build operations Thread 40" [_thread_blocked, id=3228, stack(0x000000c0c7900000,0x000000c0c7a00000)]
  0x0000027e70665800 JavaThread "Memory manager" [_thread_blocked, id=11968, stack(0x000000c0c7a00000,0x000000c0c7b00000)]
  0x0000027e70666800 JavaThread "build event listener" [_thread_blocked, id=14780, stack(0x000000c0c7b00000,0x000000c0c7c00000)]

Other Threads:
  0x0000027e6e624800 VMThread "VM Thread" [stack: 0x000000c0c2a00000,0x000000c0c2b00000] [id=12796]
  0x0000027e6f17e800 WatcherThread [stack: 0x000000c0c3400000,0x000000c0c3500000] [id=9564]
  0x0000027e55d67800 GCTaskThread "GC Thread#0" [stack: 0x000000c0c2500000,0x000000c0c2600000] [id=7384]
  0x0000027e6f5a2000 GCTaskThread "GC Thread#1" [stack: 0x000000c0c3500000,0x000000c0c3600000] [id=7940]
  0x0000027e6f736000 GCTaskThread "GC Thread#2" [stack: 0x000000c0c3600000,0x000000c0c3700000] [id=5216]
  0x0000027e6f065000 GCTaskThread "GC Thread#3" [stack: 0x000000c0c4100000,0x000000c0c4200000] [id=13892]
  0x0000027e55d8d000 ConcurrentGCThread "G1 Main Marker" [stack: 0x000000c0c2600000,0x000000c0c2700000] [id=12864]
  0x0000027e55d8e800 ConcurrentGCThread "G1 Conc#0" [stack: 0x000000c0c2700000,0x000000c0c2800000] [id=10596]
  0x0000027e55e1c800 ConcurrentGCThread "G1 Refine#0" [stack: 0x000000c0c2800000,0x000000c0c2900000] [id=13664]
  0x0000027e55e1d800 ConcurrentGCThread "G1 Young RemSet Sampling" [stack: 0x000000c0c2900000,0x000000c0c2a00000] [id=6720]

Threads with active compile tasks:
C2 CompilerThread0 578019 8979       4       java.beans.Introspector::addPropertyDescriptor (265 bytes)

VM state:not at safepoint (normal execution)

VM Mutex/Monitor currently owned by a thread: None

Heap address: 0x00000000a0000000, size: 1536 MB, Compressed Oops mode: 32-bit
Narrow klass base: 0x0000000000000000, Narrow klass shift: 3
Compressed class space size: 1073741824 Address: 0x0000000100000000

Heap:
 garbage-first heap   total 131072K, used 100550K [0x00000000a0000000, 0x0000000100000000)
  region size 1024K, 16 young (16384K), 3 survivors (3072K)
 Metaspace       used 79659K, capacity 82038K, committed 82268K, reserved 1120256K
  class space    used 10336K, capacity 11200K, committed 11264K, reserved 1048576K
Heap Regions: E=young(eden), S=young(survivor), O=old, HS=humongous(starts), HC=humongous(continues), CS=collection set, F=free, A=archive, TAMS=top-at-mark-start (previous, next)
|   0|0x00000000a0000000, 0x00000000a0100000, 0x00000000a0100000|100%|HS|  |TAMS 0x00000000a0100000, 0x00000000a0000000| Complete 
|   1|0x00000000a0100000, 0x00000000a0200000, 0x00000000a0200000|100%|HC|  |TAMS 0x00000000a0200000, 0x00000000a0100000| Complete 
|   2|0x00000000a0200000, 0x00000000a0300000, 0x00000000a0300000|100%|HC|  |TAMS 0x00000000a0300000, 0x00000000a0200000| Complete 
|   3|0x00000000a0300000, 0x00000000a0400000, 0x00000000a0400000|100%| O|  |TAMS 0x00000000a0400000, 0x00000000a0300000| Untracked 
|   4|0x00000000a0400000, 0x00000000a0500000, 0x00000000a0500000|100%| O|  |TAMS 0x00000000a0500000, 0x00000000a0400000| Untracked 
|   5|0x00000000a0500000, 0x00000000a0600000, 0x00000000a0600000|100%| O|  |TAMS 0x00000000a0600000, 0x00000000a0500000| Untracked 
|   6|0x00000000a0600000, 0x00000000a0700000, 0x00000000a0700000|100%| O|  |TAMS 0x00000000a0700000, 0x00000000a0600000| Untracked 
|   7|0x00000000a0700000, 0x00000000a0800000, 0x00000000a0800000|100%| O|  |TAMS 0x00000000a0800000, 0x00000000a0700000| Untracked 
|   8|0x00000000a0800000, 0x00000000a0900000, 0x00000000a0900000|100%| O|  |TAMS 0x00000000a0900000, 0x00000000a0800000| Untracked 
|   9|0x00000000a0900000, 0x00000000a0a00000, 0x00000000a0a00000|100%| O|  |TAMS 0x00000000a0a00000, 0x00000000a0900000| Untracked 
|  10|0x00000000a0a00000, 0x00000000a0b00000, 0x00000000a0b00000|100%| O|  |TAMS 0x00000000a0b00000, 0x00000000a0a00000| Untracked 
|  11|0x00000000a0b00000, 0x00000000a0c00000, 0x00000000a0c00000|100%| O|  |TAMS 0x00000000a0c00000, 0x00000000a0b00000| Untracked 
|  12|0x00000000a0c00000, 0x00000000a0d00000, 0x00000000a0d00000|100%| O|  |TAMS 0x00000000a0d00000, 0x00000000a0c00000| Untracked 
|  13|0x00000000a0d00000, 0x00000000a0e00000, 0x00000000a0e00000|100%| O|  |TAMS 0x00000000a0e00000, 0x00000000a0d00000| Untracked 
|  14|0x00000000a0e00000, 0x00000000a0f00000, 0x00000000a0f00000|100%| O|  |TAMS 0x00000000a0f00000, 0x00000000a0e00000| Untracked 
|  15|0x00000000a0f00000, 0x00000000a1000000, 0x00000000a1000000|100%| O|  |TAMS 0x00000000a1000000, 0x00000000a0f00000| Untracked 
|  16|0x00000000a1000000, 0x00000000a1100000, 0x00000000a1100000|100%| O|  |TAMS 0x00000000a1100000, 0x00000000a1000000| Untracked 
|  17|0x00000000a1100000, 0x00000000a1200000, 0x00000000a1200000|100%| O|  |TAMS 0x00000000a1200000, 0x00000000a1100000| Untracked 
|  18|0x00000000a1200000, 0x00000000a1300000, 0x00000000a1300000|100%| O|  |TAMS 0x00000000a1300000, 0x00000000a1200000| Untracked 
|  19|0x00000000a1300000, 0x00000000a1400000, 0x00000000a1400000|100%| O|  |TAMS 0x00000000a1400000, 0x00000000a1300000| Untracked 
|  20|0x00000000a1400000, 0x00000000a1500000, 0x00000000a1500000|100%| O|  |TAMS 0x00000000a1500000, 0x00000000a1400000| Untracked 
|  21|0x00000000a1500000, 0x00000000a1600000, 0x00000000a1600000|100%| O|  |TAMS 0x00000000a1600000, 0x00000000a1500000| Untracked 
|  22|0x00000000a1600000, 0x00000000a1700000, 0x00000000a1700000|100%| O|  |TAMS 0x00000000a1700000, 0x00000000a1600000| Untracked 
|  23|0x00000000a1700000, 0x00000000a1800000, 0x00000000a1800000|100%| O|  |TAMS 0x00000000a1800000, 0x00000000a1700000| Untracked 
|  24|0x00000000a1800000, 0x00000000a1900000, 0x00000000a1900000|100%| O|  |TAMS 0x00000000a1900000, 0x00000000a1800000| Untracked 
|  25|0x00000000a1900000, 0x00000000a1a00000, 0x00000000a1a00000|100%| O|  |TAMS 0x00000000a1a00000, 0x00000000a1900000| Untracked 
|  26|0x00000000a1a00000, 0x00000000a1b00000, 0x00000000a1b00000|100%| O|  |TAMS 0x00000000a1b00000, 0x00000000a1a00000| Untracked 
|  27|0x00000000a1b00000, 0x00000000a1c00000, 0x00000000a1c00000|100%|HS|  |TAMS 0x00000000a1c00000, 0x00000000a1b00000| Complete 
|  28|0x00000000a1c00000, 0x00000000a1d00000, 0x00000000a1d00000|100%|HS|  |TAMS 0x00000000a1d00000, 0x00000000a1c00000| Complete 
|  29|0x00000000a1d00000, 0x00000000a1e00000, 0x00000000a1e00000|100%|HS|  |TAMS 0x00000000a1e00000, 0x00000000a1d00000| Complete 
|  30|0x00000000a1e00000, 0x00000000a1f00000, 0x00000000a1f00000|100%|HS|  |TAMS 0x00000000a1f00000, 0x00000000a1e00000| Complete 
|  31|0x00000000a1f00000, 0x00000000a2000000, 0x00000000a2000000|100%|HS|  |TAMS 0x00000000a2000000, 0x00000000a1f00000| Complete 
|  32|0x00000000a2000000, 0x00000000a2100000, 0x00000000a2100000|100%|HC|  |TAMS 0x00000000a2100000, 0x00000000a2000000| Complete 
|  33|0x00000000a2100000, 0x00000000a2200000, 0x00000000a2200000|100%|HC|  |TAMS 0x00000000a2200000, 0x00000000a2100000| Complete 
|  34|0x00000000a2200000, 0x00000000a2300000, 0x00000000a2300000|100%| O|  |TAMS 0x00000000a2300000, 0x00000000a2200000| Untracked 
|  35|0x00000000a2300000, 0x00000000a2400000, 0x00000000a2400000|100%| O|  |TAMS 0x00000000a2400000, 0x00000000a2300000| Untracked 
|  36|0x00000000a2400000, 0x00000000a2500000, 0x00000000a2500000|100%| O|  |TAMS 0x00000000a2500000, 0x00000000a2400000| Untracked 
|  37|0x00000000a2500000, 0x00000000a2600000, 0x00000000a2600000|100%|HS|  |TAMS 0x00000000a2600000, 0x00000000a2500000| Complete 
|  38|0x00000000a2600000, 0x00000000a2700000, 0x00000000a2700000|100%|HC|  |TAMS 0x00000000a2700000, 0x00000000a2600000| Complete 
|  39|0x00000000a2700000, 0x00000000a2800000, 0x00000000a2800000|100%| O|  |TAMS 0x00000000a2800000, 0x00000000a2700000| Untracked 
|  40|0x00000000a2800000, 0x00000000a2900000, 0x00000000a2900000|100%| O|  |TAMS 0x00000000a2900000, 0x00000000a2800000| Untracked 
|  41|0x00000000a2900000, 0x00000000a2a00000, 0x00000000a2a00000|100%| O|  |TAMS 0x00000000a2a00000, 0x00000000a2900000| Untracked 
|  42|0x00000000a2a00000, 0x00000000a2b00000, 0x00000000a2b00000|100%| O|  |TAMS 0x00000000a2b00000, 0x00000000a2a00000| Untracked 
|  43|0x00000000a2b00000, 0x00000000a2c00000, 0x00000000a2c00000|100%| O|  |TAMS 0x00000000a2c00000, 0x00000000a2b00000| Untracked 
|  44|0x00000000a2c00000, 0x00000000a2d00000, 0x00000000a2d00000|100%| O|  |TAMS 0x00000000a2d00000, 0x00000000a2c00000| Untracked 
|  45|0x00000000a2d00000, 0x00000000a2e00000, 0x00000000a2e00000|100%| O|  |TAMS 0x00000000a2e00000, 0x00000000a2d00000| Untracked 
|  46|0x00000000a2e00000, 0x00000000a2f00000, 0x00000000a2f00000|100%| O|  |TAMS 0x00000000a2f00000, 0x00000000a2e00000| Untracked 
|  47|0x00000000a2f00000, 0x00000000a3000000, 0x00000000a3000000|100%| O|  |TAMS 0x00000000a3000000, 0x00000000a2f00000| Untracked 
|  48|0x00000000a3000000, 0x00000000a3100000, 0x00000000a3100000|100%| O|  |TAMS 0x00000000a3100000, 0x00000000a3000000| Untracked 
|  49|0x00000000a3100000, 0x00000000a3200000, 0x00000000a3200000|100%| O|  |TAMS 0x00000000a3200000, 0x00000000a3100000| Untracked 
|  50|0x00000000a3200000, 0x00000000a3300000, 0x00000000a3300000|100%| O|  |TAMS 0x00000000a3300000, 0x00000000a3200000| Untracked 
|  51|0x00000000a3300000, 0x00000000a3400000, 0x00000000a3400000|100%| O|  |TAMS 0x00000000a3400000, 0x00000000a3300000| Untracked 
|  52|0x00000000a3400000, 0x00000000a3500000, 0x00000000a3500000|100%|HS|  |TAMS 0x00000000a3500000, 0x00000000a3400000| Complete 
|  53|0x00000000a3500000, 0x00000000a3600000, 0x00000000a3600000|100%| O|  |TAMS 0x00000000a3600000, 0x00000000a3500000| Untracked 
|  54|0x00000000a3600000, 0x00000000a3700000, 0x00000000a3700000|100%| O|  |TAMS 0x00000000a3700000, 0x00000000a3600000| Untracked 
|  55|0x00000000a3700000, 0x00000000a3800000, 0x00000000a3800000|100%| O|  |TAMS 0x00000000a3800000, 0x00000000a3700000| Untracked 
|  56|0x00000000a3800000, 0x00000000a3900000, 0x00000000a3900000|100%| O|  |TAMS 0x00000000a3900000, 0x00000000a3800000| Untracked 
|  57|0x00000000a3900000, 0x00000000a3a00000, 0x00000000a3a00000|100%| O|  |TAMS 0x00000000a3a00000, 0x00000000a3900000| Untracked 
|  58|0x00000000a3a00000, 0x00000000a3b00000, 0x00000000a3b00000|100%| O|  |TAMS 0x00000000a3b00000, 0x00000000a3a00000| Untracked 
|  59|0x00000000a3b00000, 0x00000000a3c00000, 0x00000000a3c00000|100%| O|  |TAMS 0x00000000a3c00000, 0x00000000a3b00000| Untracked 
|  60|0x00000000a3c00000, 0x00000000a3d00000, 0x00000000a3d00000|100%| O|  |TAMS 0x00000000a3d00000, 0x00000000a3c00000| Untracked 
|  61|0x00000000a3d00000, 0x00000000a3e00000, 0x00000000a3e00000|100%| O|  |TAMS 0x00000000a3e00000, 0x00000000a3d00000| Untracked 
|  62|0x00000000a3e00000, 0x00000000a3f00000, 0x00000000a3f00000|100%| O|  |TAMS 0x00000000a3f00000, 0x00000000a3e00000| Untracked 
|  63|0x00000000a3f00000, 0x00000000a4000000, 0x00000000a4000000|100%|HS|  |TAMS 0x00000000a4000000, 0x00000000a3f00000| Complete 
|  64|0x00000000a4000000, 0x00000000a4100000, 0x00000000a4100000|100%|HC|  |TAMS 0x00000000a4100000, 0x00000000a4000000| Complete 
|  65|0x00000000a4100000, 0x00000000a4200000, 0x00000000a4200000|100%| O|  |TAMS 0x00000000a4200000, 0x00000000a4100000| Untracked 
|  66|0x00000000a4200000, 0x00000000a4300000, 0x00000000a4300000|100%| O|  |TAMS 0x00000000a4300000, 0x00000000a4200000| Untracked 
|  67|0x00000000a4300000, 0x00000000a4400000, 0x00000000a4400000|100%| O|  |TAMS 0x00000000a4400000, 0x00000000a4300000| Untracked 
|  68|0x00000000a4400000, 0x00000000a4500000, 0x00000000a4500000|100%| O|  |TAMS 0x00000000a4500000, 0x00000000a4400000| Untracked 
|  69|0x00000000a4500000, 0x00000000a4600000, 0x00000000a4600000|100%| O|  |TAMS 0x00000000a4600000, 0x00000000a4500000| Untracked 
|  70|0x00000000a4600000, 0x00000000a4700000, 0x00000000a4700000|100%| O|  |TAMS 0x00000000a4700000, 0x00000000a4600000| Untracked 
|  71|0x00000000a4700000, 0x00000000a4800000, 0x00000000a4800000|100%| O|  |TAMS 0x00000000a4800000, 0x00000000a4700000| Untracked 
|  72|0x00000000a4800000, 0x00000000a4900000, 0x00000000a4900000|100%| O|  |TAMS 0x00000000a4900000, 0x00000000a4800000| Untracked 
|  73|0x00000000a4900000, 0x00000000a4a00000, 0x00000000a4a00000|100%| O|  |TAMS 0x00000000a4a00000, 0x00000000a4900000| Untracked 
|  74|0x00000000a4a00000, 0x00000000a4b00000, 0x00000000a4b00000|100%| O|  |TAMS 0x00000000a4b00000, 0x00000000a4a00000| Untracked 
|  75|0x00000000a4b00000, 0x00000000a4c00000, 0x00000000a4c00000|100%| O|  |TAMS 0x00000000a4c00000, 0x00000000a4b00000| Untracked 
|  76|0x00000000a4c00000, 0x00000000a4d00000, 0x00000000a4d00000|100%| O|  |TAMS 0x00000000a4d00000, 0x00000000a4c00000| Untracked 
|  77|0x00000000a4d00000, 0x00000000a4e00000, 0x00000000a4e00000|100%| O|  |TAMS 0x00000000a4e00000, 0x00000000a4d00000| Untracked 
|  78|0x00000000a4e00000, 0x00000000a4f00000, 0x00000000a4f00000|100%| O|  |TAMS 0x00000000a4f00000, 0x00000000a4e00000| Untracked 
|  79|0x00000000a4f00000, 0x00000000a5000000, 0x00000000a5000000|100%| O|  |TAMS 0x00000000a5000000, 0x00000000a4f00000| Untracked 
|  80|0x00000000a5000000, 0x00000000a5100000, 0x00000000a5100000|100%| O|  |TAMS 0x00000000a5100000, 0x00000000a5000000| Untracked 
|  81|0x00000000a5100000, 0x00000000a5200000, 0x00000000a5200000|100%| O|  |TAMS 0x00000000a5200000, 0x00000000a5100000| Untracked 
|  82|0x00000000a5200000, 0x00000000a5298200, 0x00000000a5300000| 59%| O|  |TAMS 0x00000000a5298200, 0x00000000a5200000| Untracked 
|  83|0x00000000a5300000, 0x00000000a5400000, 0x00000000a5400000|100%|HS|  |TAMS 0x00000000a5400000, 0x00000000a5300000| Complete 
|  84|0x00000000a5400000, 0x00000000a5500000, 0x00000000a5500000|100%|HS|  |TAMS 0x00000000a5400000, 0x00000000a5400000| Complete 
|  85|0x00000000a5500000, 0x00000000a5500000, 0x00000000a5600000|  0%| F|  |TAMS 0x00000000a5500000, 0x00000000a5500000| Untracked 
|  86|0x00000000a5600000, 0x00000000a5600000, 0x00000000a5700000|  0%| F|  |TAMS 0x00000000a5600000, 0x00000000a5600000| Untracked 
|  87|0x00000000a5700000, 0x00000000a5700000, 0x00000000a5800000|  0%| F|  |TAMS 0x00000000a5700000, 0x00000000a5700000| Untracked 
|  88|0x00000000a5800000, 0x00000000a5800000, 0x00000000a5900000|  0%| F|  |TAMS 0x00000000a5800000, 0x00000000a5800000| Untracked 
|  89|0x00000000a5900000, 0x00000000a5900000, 0x00000000a5a00000|  0%| F|  |TAMS 0x00000000a5900000, 0x00000000a5900000| Untracked 
|  90|0x00000000a5a00000, 0x00000000a5a00000, 0x00000000a5b00000|  0%| F|  |TAMS 0x00000000a5a00000, 0x00000000a5a00000| Untracked 
|  91|0x00000000a5b00000, 0x00000000a5b00000, 0x00000000a5c00000|  0%| F|  |TAMS 0x00000000a5b00000, 0x00000000a5b00000| Untracked 
|  92|0x00000000a5c00000, 0x00000000a5c00000, 0x00000000a5d00000|  0%| F|  |TAMS 0x00000000a5c00000, 0x00000000a5c00000| Untracked 
|  93|0x00000000a5d00000, 0x00000000a5d00000, 0x00000000a5e00000|  0%| F|  |TAMS 0x00000000a5d00000, 0x00000000a5d00000| Untracked 
|  94|0x00000000a5e00000, 0x00000000a5e00000, 0x00000000a5f00000|  0%| F|  |TAMS 0x00000000a5e00000, 0x00000000a5e00000| Untracked 
|  95|0x00000000a5f00000, 0x00000000a5f00000, 0x00000000a6000000|  0%| F|  |TAMS 0x00000000a5f00000, 0x00000000a5f00000| Untracked 
|  96|0x00000000a6000000, 0x00000000a6000000, 0x00000000a6100000|  0%| F|  |TAMS 0x00000000a6000000, 0x00000000a6000000| Untracked 
|  97|0x00000000a6100000, 0x00000000a6100000, 0x00000000a6200000|  0%| F|  |TAMS 0x00000000a6100000, 0x00000000a6100000| Untracked 
|  98|0x00000000a6200000, 0x00000000a6200000, 0x00000000a6300000|  0%| F|  |TAMS 0x00000000a6200000, 0x00000000a6200000| Untracked 
|  99|0x00000000a6300000, 0x00000000a6300000, 0x00000000a6400000|  0%| F|  |TAMS 0x00000000a6300000, 0x00000000a6300000| Untracked 
| 100|0x00000000a6400000, 0x00000000a6400000, 0x00000000a6500000|  0%| F|  |TAMS 0x00000000a6400000, 0x00000000a6400000| Untracked 
| 101|0x00000000a6500000, 0x00000000a6500000, 0x00000000a6600000|  0%| F|  |TAMS 0x00000000a6500000, 0x00000000a6500000| Untracked 
| 102|0x00000000a6600000, 0x00000000a6600000, 0x00000000a6700000|  0%| F|  |TAMS 0x00000000a6600000, 0x00000000a6600000| Untracked 
| 103|0x00000000a6700000, 0x00000000a6700000, 0x00000000a6800000|  0%| F|  |TAMS 0x00000000a6700000, 0x00000000a6700000| Untracked 
| 104|0x00000000a6800000, 0x00000000a6800000, 0x00000000a6900000|  0%| F|  |TAMS 0x00000000a6800000, 0x00000000a6800000| Untracked 
| 105|0x00000000a6900000, 0x00000000a6900000, 0x00000000a6a00000|  0%| F|  |TAMS 0x00000000a6900000, 0x00000000a6900000| Untracked 
| 106|0x00000000a6a00000, 0x00000000a6a00000, 0x00000000a6b00000|  0%| F|  |TAMS 0x00000000a6a00000, 0x00000000a6a00000| Untracked 
| 107|0x00000000a6b00000, 0x00000000a6b00000, 0x00000000a6c00000|  0%| F|  |TAMS 0x00000000a6b00000, 0x00000000a6b00000| Untracked 
| 108|0x00000000a6c00000, 0x00000000a6c00000, 0x00000000a6d00000|  0%| F|  |TAMS 0x00000000a6c00000, 0x00000000a6c00000| Untracked 
| 109|0x00000000a6d00000, 0x00000000a6d00000, 0x00000000a6e00000|  0%| F|  |TAMS 0x00000000a6d00000, 0x00000000a6d00000| Untracked 
| 110|0x00000000a6e00000, 0x00000000a6e00000, 0x00000000a6f00000|  0%| F|  |TAMS 0x00000000a6e00000, 0x00000000a6e00000| Untracked 
| 111|0x00000000a6f00000, 0x00000000a6f00000, 0x00000000a7000000|  0%| F|  |TAMS 0x00000000a6f00000, 0x00000000a6f00000| Untracked 
| 112|0x00000000a7000000, 0x00000000a70e5368, 0x00000000a7100000| 89%| E|  |TAMS 0x00000000a7000000, 0x00000000a7000000| Complete 
| 113|0x00000000a7100000, 0x00000000a7200000, 0x00000000a7200000|100%| E|CS|TAMS 0x00000000a7100000, 0x00000000a7100000| Complete 
| 114|0x00000000a7200000, 0x00000000a7300000, 0x00000000a7300000|100%| E|CS|TAMS 0x00000000a7200000, 0x00000000a7200000| Complete 
| 115|0x00000000a7300000, 0x00000000a7400000, 0x00000000a7400000|100%| E|CS|TAMS 0x00000000a7300000, 0x00000000a7300000| Complete 
| 116|0x00000000a7400000, 0x00000000a7500000, 0x00000000a7500000|100%| E|CS|TAMS 0x00000000a7400000, 0x00000000a7400000| Complete 
| 117|0x00000000a7500000, 0x00000000a7600000, 0x00000000a7600000|100%| E|  |TAMS 0x00000000a7500000, 0x00000000a7500000| Complete 
| 118|0x00000000a7600000, 0x00000000a7700000, 0x00000000a7700000|100%| E|CS|TAMS 0x00000000a7600000, 0x00000000a7600000| Complete 
| 119|0x00000000a7700000, 0x00000000a7800000, 0x00000000a7800000|100%| E|CS|TAMS 0x00000000a7700000, 0x00000000a7700000| Complete 
| 120|0x00000000a7800000, 0x00000000a7900000, 0x00000000a7900000|100%| E|CS|TAMS 0x00000000a7800000, 0x00000000a7800000| Complete 
| 121|0x00000000a7900000, 0x00000000a7a00000, 0x00000000a7a00000|100%| E|CS|TAMS 0x00000000a7900000, 0x00000000a7900000| Complete 
| 122|0x00000000a7a00000, 0x00000000a7b00000, 0x00000000a7b00000|100%| E|CS|TAMS 0x00000000a7a00000, 0x00000000a7a00000| Complete 
| 123|0x00000000a7b00000, 0x00000000a7b99708, 0x00000000a7c00000| 59%| S|CS|TAMS 0x00000000a7b00000, 0x00000000a7b00000| Complete 
| 124|0x00000000a7c00000, 0x00000000a7d00000, 0x00000000a7d00000|100%| S|CS|TAMS 0x00000000a7c00000, 0x00000000a7c00000| Complete 
| 125|0x00000000a7d00000, 0x00000000a7e00000, 0x00000000a7e00000|100%| S|CS|TAMS 0x00000000a7d00000, 0x00000000a7d00000| Complete 
| 126|0x00000000a7e00000, 0x00000000a7f00000, 0x00000000a7f00000|100%| E|CS|TAMS 0x00000000a7e00000, 0x00000000a7e00000| Complete 
| 127|0x00000000a7f00000, 0x00000000a8000000, 0x00000000a8000000|100%| E|CS|TAMS 0x00000000a7f00000, 0x00000000a7f00000| Complete 

Card table byte_map: [0x0000027e68b60000,0x0000027e68e60000] _byte_map_base: 0x0000027e68660000

Marking Bits (Prev, Next): (CMBitMap*) 0x0000027e55d86398, (CMBitMap*) 0x0000027e55d863d0
 Prev Bits: [0x0000027e69160000, 0x0000027e6a960000)
 Next Bits: [0x0000027e6a960000, 0x0000027e6c160000)

Polling page: 0x0000027e53ce0000

Metaspace:

Usage:
  Non-class:     69.18 MB capacity,    67.70 MB ( 98%) used,     1.27 MB (  2%) free+waste,   211.06 KB ( <1%) overhead. 
      Class:     10.94 MB capacity,    10.09 MB ( 92%) used,   764.27 KB (  7%) free+waste,    99.00 KB ( <1%) overhead. 
       Both:     80.12 MB capacity,    77.79 MB ( 97%) used,     2.02 MB (  3%) free+waste,   310.06 KB ( <1%) overhead. 

Virtual space:
  Non-class space:       70.00 MB reserved,      69.34 MB (>99%) committed 
      Class space:        1.00 GB reserved,      11.00 MB (  1%) committed 
             Both:        1.07 GB reserved,      80.34 MB (  7%) committed 

Chunk freelists:
   Non-Class:  38.00 KB
       Class:  0 bytes
        Both:  38.00 KB

MaxMetaspaceSize: 17179869184.00 GB
CompressedClassSpaceSize: 1.00 GB
Initial GC threshold: 20.80 MB
Current GC threshold: 133.48 MB
CDS: off

CodeHeap 'non-profiled nmethods': size=120064Kb used=5823Kb max_used=5823Kb free=114240Kb
 bounds [0x0000027e61320000, 0x0000027e618d0000, 0x0000027e68860000]
CodeHeap 'profiled nmethods': size=120000Kb used=19619Kb max_used=19619Kb free=100380Kb
 bounds [0x0000027e59df0000, 0x0000027e5b120000, 0x0000027e61320000]
CodeHeap 'non-nmethods': size=5696Kb used=2358Kb max_used=2422Kb free=3337Kb
 bounds [0x0000027e59860000, 0x0000027e59ad0000, 0x0000027e59df0000]
 total_blobs=9854 nmethods=8984 adapters=782
 compilation: enabled
              stopped_count=0, restarted_count=0
 full_count=0

Compilation events (20 events):
Event: 571.962 Thread 0x0000027e6e67b000 nmethod 8990 0x0000027e5b0f9310 code [0x0000027e5b0f94c0, 0x0000027e5b0f9668]
Event: 571.967 Thread 0x0000027e6e67b000 8991       3       java.util.HashMap$Values::size (8 bytes)
Event: 571.967 Thread 0x0000027e6e67b000 nmethod 8991 0x0000027e5b0f9790 code [0x0000027e5b0f9940, 0x0000027e5b0f9a58]
Event: 571.970 Thread 0x0000027e6e67b000 8992       3       groovyjarjarasm.asm.Type::appendDescriptor (185 bytes)
Event: 571.971 Thread 0x0000027e6e67b000 nmethod 8992 0x0000027e5b0f9b10 code [0x0000027e5b0f9de0, 0x0000027e5b0fa9d8]
Event: 571.974 Thread 0x0000027e6e67b000 8993       3       org.gradle.api.internal.file.AbstractBaseDirFileResolver::doResolve (114 bytes)
Event: 571.978 Thread 0x0000027e6e67b000 nmethod 8993 0x0000027e5b0fae10 code [0x0000027e5b0fb2e0, 0x0000027e5b0fd6e8]
Event: 572.004 Thread 0x0000027e764ae000 nmethod 8982 0x0000027e618c9e10 code [0x0000027e618ca020, 0x0000027e618caf28]
Event: 572.004 Thread 0x0000027e764ae000 8983       4       org.codehaus.groovy.reflection.CachedMethod$MyComparator::compare (43 bytes)
Event: 572.006 Thread 0x0000027e764ae000 nmethod 8983 0x0000027e618cb510 code [0x0000027e618cb6c0, 0x0000027e618cb7d8]
Event: 572.006 Thread 0x0000027e764ae000 8984       4       org.codehaus.groovy.util.ComplexKeyHashMap$1::hasNext (13 bytes)
Event: 572.007 Thread 0x0000027e764ae000 nmethod 8984 0x0000027e618cb990 code [0x0000027e618cbb20, 0x0000027e618cbb98]
Event: 572.007 Thread 0x0000027e764ae000 8988       4       org.codehaus.groovy.reflection.CachedClass$3$$Lambda$271/0x0000000100462c40::apply (12 bytes)
Event: 572.009 Thread 0x0000027e6e67b000 8994       3       java.net.URI::toString (16 bytes)
Event: 572.010 Thread 0x0000027e6e67b000 nmethod 8994 0x0000027e5b0fe210 code [0x0000027e5b0fe3c0, 0x0000027e5b0fe528]
Event: 572.011 Thread 0x0000027e764ae000 nmethod 8988 0x0000027e618cbc90 code [0x0000027e618cbe40, 0x0000027e618cc0b8]
Event: 572.011 Thread 0x0000027e764ae000 8995       4       org.gradle.internal.service.DefaultServiceRegistry::find (142 bytes)
Event: 572.011 Thread 0x0000027e6e67b000 8996       1       org.gradle.internal.action.DefaultConfigurableRule::isCacheable (5 bytes)
Event: 572.012 Thread 0x0000027e6e67b000 nmethod 8996 0x0000027e618cc210 code [0x0000027e618cc3c0, 0x0000027e618cc478]
Event: 572.021 Thread 0x0000027e764ae000 nmethod 8995 0x0000027e618cc510 code [0x0000027e618cc720, 0x0000027e618ccc70]

GC Heap History (20 events):
Event: 486.505 GC heap before
{Heap before GC invocations=21 (full 0):
 garbage-first heap   total 131072K, used 65135K [0x00000000a0000000, 0x0000000100000000)
  region size 1024K, 8 young (8192K), 6 survivors (6144K)
 Metaspace       used 68657K, capacity 70298K, committed 70364K, reserved 1110016K
  class space    used 8653K, capacity 9280K, committed 9344K, reserved 1048576K
}
Event: 486.542 GC heap after
{Heap after GC invocations=22 (full 0):
 garbage-first heap   total 131072K, used 65137K [0x00000000a0000000, 0x0000000100000000)
  region size 1024K, 1 young (1024K), 1 survivors (1024K)
 Metaspace       used 68657K, capacity 70298K, committed 70364K, reserved 1110016K
  class space    used 8653K, capacity 9280K, committed 9344K, reserved 1048576K
}
Event: 490.587 GC heap before
{Heap before GC invocations=23 (full 0):
 garbage-first heap   total 131072K, used 103025K [0x00000000a0000000, 0x0000000100000000)
  region size 1024K, 36 young (36864K), 1 survivors (1024K)
 Metaspace       used 69213K, capacity 70952K, committed 71004K, reserved 1112064K
  class space    used 8743K, capacity 9431K, committed 9472K, reserved 1048576K
}
Event: 490.597 GC heap after
{Heap after GC invocations=24 (full 0):
 garbage-first heap   total 131072K, used 70578K [0x00000000a0000000, 0x0000000100000000)
  region size 1024K, 5 young (5120K), 5 survivors (5120K)
 Metaspace       used 69213K, capacity 70952K, committed 71004K, reserved 1112064K
  class space    used 8743K, capacity 9431K, committed 9472K, reserved 1048576K
}
Event: 491.452 GC heap before
{Heap before GC invocations=24 (full 0):
 garbage-first heap   total 131072K, used 103346K [0x00000000a0000000, 0x0000000100000000)
  region size 1024K, 37 young (37888K), 5 survivors (5120K)
 Metaspace       used 69490K, capacity 71395K, committed 71516K, reserved 1112064K
  class space    used 8783K, capacity 9452K, committed 9472K, reserved 1048576K
}
Event: 491.471 GC heap after
{Heap after GC invocations=25 (full 0):
 garbage-first heap   total 131072K, used 72683K [0x00000000a0000000, 0x0000000100000000)
  region size 1024K, 3 young (3072K), 3 survivors (3072K)
 Metaspace       used 69490K, capacity 71395K, committed 71516K, reserved 1112064K
  class space    used 8783K, capacity 9452K, committed 9472K, reserved 1048576K
}
Event: 496.058 GC heap before
{Heap before GC invocations=26 (full 0):
 garbage-first heap   total 131072K, used 105451K [0x00000000a0000000, 0x0000000100000000)
  region size 1024K, 35 young (35840K), 3 survivors (3072K)
 Metaspace       used 71074K, capacity 73103K, committed 73308K, reserved 1114112K
  class space    used 8967K, capacity 9640K, committed 9728K, reserved 1048576K
}
Event: 496.073 GC heap after
{Heap after GC invocations=27 (full 0):
 garbage-first heap   total 131072K, used 74915K [0x00000000a0000000, 0x0000000100000000)
  region size 1024K, 5 young (5120K), 5 survivors (5120K)
 Metaspace       used 71074K, capacity 73103K, committed 73308K, reserved 1114112K
  class space    used 8967K, capacity 9640K, committed 9728K, reserved 1048576K
}
Event: 504.413 GC heap before
{Heap before GC invocations=27 (full 0):
 garbage-first heap   total 131072K, used 106659K [0x00000000a0000000, 0x0000000100000000)
  region size 1024K, 36 young (36864K), 5 survivors (5120K)
 Metaspace       used 74359K, capacity 76304K, committed 76380K, reserved 1116160K
  class space    used 9567K, capacity 10234K, committed 10240K, reserved 1048576K
}
Event: 504.442 GC heap after
{Heap after GC invocations=28 (full 0):
 garbage-first heap   total 131072K, used 76909K [0x00000000a0000000, 0x0000000100000000)
  region size 1024K, 5 young (5120K), 5 survivors (5120K)
 Metaspace       used 74359K, capacity 76304K, committed 76380K, reserved 1116160K
  class space    used 9567K, capacity 10234K, committed 10240K, reserved 1048576K
}
Event: 508.991 GC heap before
{Heap before GC invocations=29 (full 0):
 garbage-first heap   total 131072K, used 107629K [0x00000000a0000000, 0x0000000100000000)
  region size 1024K, 35 young (35840K), 5 survivors (5120K)
 Metaspace       used 76284K, capacity 78321K, committed 78556K, reserved 1118208K
  class space    used 9826K, capacity 10518K, committed 10624K, reserved 1048576K
}
Event: 509.009 GC heap after
{Heap after GC invocations=30 (full 0):
 garbage-first heap   total 131072K, used 78771K [0x00000000a0000000, 0x0000000100000000)
  region size 1024K, 4 young (4096K), 4 survivors (4096K)
 Metaspace       used 76284K, capacity 78321K, committed 78556K, reserved 1118208K
  class space    used 9826K, capacity 10518K, committed 10624K, reserved 1048576K
}
Event: 511.414 GC heap before
{Heap before GC invocations=30 (full 0):
 garbage-first heap   total 131072K, used 108467K [0x00000000a0000000, 0x0000000100000000)
  region size 1024K, 33 young (33792K), 4 survivors (4096K)
 Metaspace       used 77296K, capacity 79400K, committed 79452K, reserved 1118208K
  class space    used 10011K, capacity 10749K, committed 10752K, reserved 1048576K
}
Event: 511.441 GC heap after
{Heap after GC invocations=31 (full 0):
 garbage-first heap   total 131072K, used 81920K [0x00000000a0000000, 0x0000000100000000)
  region size 1024K, 5 young (5120K), 5 survivors (5120K)
 Metaspace       used 77296K, capacity 79400K, committed 79452K, reserved 1118208K
  class space    used 10011K, capacity 10749K, committed 10752K, reserved 1048576K
}
Event: 516.891 GC heap before
{Heap before GC invocations=32 (full 0):
 garbage-first heap   total 131072K, used 110592K [0x00000000a0000000, 0x0000000100000000)
  region size 1024K, 33 young (33792K), 5 survivors (5120K)
 Metaspace       used 78795K, capacity 81012K, committed 81116K, reserved 1120256K
  class space    used 10235K, capacity 11085K, committed 11136K, reserved 1048576K
}
Event: 516.927 GC heap after
{Heap after GC invocations=33 (full 0):
 garbage-first heap   total 131072K, used 84557K [0x00000000a0000000, 0x0000000100000000)
  region size 1024K, 3 young (3072K), 3 survivors (3072K)
 Metaspace       used 78795K, capacity 81012K, committed 81116K, reserved 1120256K
  class space    used 10235K, capacity 11085K, committed 11136K, reserved 1048576K
}
Event: 541.580 GC heap before
{Heap before GC invocations=33 (full 0):
 garbage-first heap   total 131072K, used 100941K [0x00000000a0000000, 0x0000000100000000)
  region size 1024K, 20 young (20480K), 3 survivors (3072K)
 Metaspace       used 79326K, capacity 81727K, committed 82012K, reserved 1120256K
  class space    used 10287K, capacity 11142K, committed 11264K, reserved 1048576K
}
Event: 541.598 GC heap after
{Heap after GC invocations=34 (full 0):
 garbage-first heap   total 131072K, used 86330K [0x00000000a0000000, 0x0000000100000000)
  region size 1024K, 2 young (2048K), 2 survivors (2048K)
 Metaspace       used 79326K, capacity 81727K, committed 82012K, reserved 1120256K
  class space    used 10287K, capacity 11142K, committed 11264K, reserved 1048576K
}
Event: 543.707 GC heap before
{Heap before GC invocations=35 (full 0):
 garbage-first heap   total 131072K, used 88378K [0x00000000a0000000, 0x0000000100000000)
  region size 1024K, 4 young (4096K), 2 survivors (2048K)
 Metaspace       used 79326K, capacity 81727K, committed 82012K, reserved 1120256K
  class space    used 10287K, capacity 11142K, committed 11264K, reserved 1048576K
}
Event: 543.721 GC heap after
{Heap after GC invocations=36 (full 0):
 garbage-first heap   total 131072K, used 88262K [0x00000000a0000000, 0x0000000100000000)
  region size 1024K, 3 young (3072K), 3 survivors (3072K)
 Metaspace       used 79326K, capacity 81727K, committed 82012K, reserved 1120256K
  class space    used 10287K, capacity 11142K, committed 11264K, reserved 1048576K
}

Deoptimization events (20 events):
Event: 541.285 Thread 0x0000027e6fdd4800 DEOPT PACKING pc=0x0000027e5ab1e29c sp=0x000000c0c3df7b00
Event: 541.285 Thread 0x0000027e6fdd4800 DEOPT UNPACKING pc=0x0000027e598aa95e sp=0x000000c0c3df70a0 mode 0
Event: 559.327 Thread 0x0000027e6fdd4800 DEOPT PACKING pc=0x0000027e5adfc82e sp=0x000000c0c3df0520
Event: 559.327 Thread 0x0000027e6fdd4800 DEOPT UNPACKING pc=0x0000027e598aa95e sp=0x000000c0c3def990 mode 0
Event: 562.220 Thread 0x0000027e6fdd4800 DEOPT PACKING pc=0x0000027e5adfc82e sp=0x000000c0c3df0520
Event: 562.220 Thread 0x0000027e6fdd4800 DEOPT UNPACKING pc=0x0000027e598aa95e sp=0x000000c0c3def990 mode 0
Event: 565.212 Thread 0x0000027e6fdd4800 DEOPT PACKING pc=0x0000027e5adfc82e sp=0x000000c0c3df0520
Event: 565.212 Thread 0x0000027e6fdd4800 DEOPT UNPACKING pc=0x0000027e598aa95e sp=0x000000c0c3def990 mode 0
Event: 565.214 Thread 0x0000027e6fdd4800 DEOPT PACKING pc=0x0000027e5adfc82e sp=0x000000c0c3df0520
Event: 565.214 Thread 0x0000027e6fdd4800 DEOPT UNPACKING pc=0x0000027e598aa95e sp=0x000000c0c3def990 mode 0
Event: 568.497 Thread 0x0000027e6fdd4800 DEOPT PACKING pc=0x0000027e5adfc82e sp=0x000000c0c3df0520
Event: 568.497 Thread 0x0000027e6fdd4800 DEOPT UNPACKING pc=0x0000027e598aa95e sp=0x000000c0c3def990 mode 0
Event: 572.010 Thread 0x0000027e6fdd4800 Uncommon trap: trap_request=0xfffffff4 fr.pc=0x0000027e6172bab4 relative=0x0000000000000354
Event: 572.010 Thread 0x0000027e6fdd4800 Uncommon trap: reason=null_check action=make_not_entrant pc=0x0000027e6172bab4 method=java.lang.ThreadLocal$ThreadLocalMap.getEntryAfterMiss(Ljava/lang/ThreadLocal;ILjava/lang/ThreadLocal$ThreadLocalMap$Entry;)Ljava/lang/ThreadLocal$ThreadLocalMap$Entry; 
Event: 572.011 Thread 0x0000027e6fdd4800 DEOPT PACKING pc=0x0000027e6172bab4 sp=0x000000c0c3df8740
Event: 572.011 Thread 0x0000027e6fdd4800 DEOPT UNPACKING pc=0x0000027e598aa1af sp=0x000000c0c3df85f0 mode 2
Event: 572.012 Thread 0x0000027e6fdd4800 Uncommon trap: trap_request=0xfffffff4 fr.pc=0x0000027e618b0b10 relative=0x0000000000000570
Event: 572.012 Thread 0x0000027e6fdd4800 Uncommon trap: reason=null_check action=make_not_entrant pc=0x0000027e618b0b10 method=org.gradle.cache.internal.DefaultCrossBuildInMemoryCacheFactory$DefaultCrossBuildInMemoryCache.maybeGetRetainedValue(Ljava/lang/Object;)Ljava/lang/Object; @ 10 c2
Event: 572.012 Thread 0x0000027e6fdd4800 DEOPT PACKING pc=0x0000027e618b0b10 sp=0x000000c0c3df9530
Event: 572.012 Thread 0x0000027e6fdd4800 DEOPT UNPACKING pc=0x0000027e598aa1af sp=0x000000c0c3df9468 mode 2

Classes redefined (0 events):
No events

Internal exceptions (20 events):
Event: 559.331 Thread 0x0000027e6fdd4800 Exception <a 'java/security/PrivilegedActionException'{0x00000000a7e4c3b8}> (0x00000000a7e4c3b8) thrown at [./src/hotspot/share/prims/jvm.cpp, line 1306]
Event: 559.331 Thread 0x0000027e6fdd4800 Exception <a 'java/security/PrivilegedActionException'{0x00000000a7e4d920}> (0x00000000a7e4d920) thrown at [./src/hotspot/share/prims/jvm.cpp, line 1306]
Event: 559.332 Thread 0x0000027e6fdd4800 Exception <a 'java/security/PrivilegedActionException'{0x00000000a7e50a80}> (0x00000000a7e50a80) thrown at [./src/hotspot/share/prims/jvm.cpp, line 1306]
Event: 559.332 Thread 0x0000027e6fdd4800 Exception <a 'java/security/PrivilegedActionException'{0x00000000a7e51fe8}> (0x00000000a7e51fe8) thrown at [./src/hotspot/share/prims/jvm.cpp, line 1306]
Event: 559.333 Thread 0x0000027e6fdd4800 Exception <a 'java/security/PrivilegedActionException'{0x00000000a7e55180}> (0x00000000a7e55180) thrown at [./src/hotspot/share/prims/jvm.cpp, line 1306]
Event: 559.333 Thread 0x0000027e6fdd4800 Exception <a 'java/security/PrivilegedActionException'{0x00000000a7e566e8}> (0x00000000a7e566e8) thrown at [./src/hotspot/share/prims/jvm.cpp, line 1306]
Event: 559.333 Thread 0x0000027e6fdd4800 Exception <a 'java/security/PrivilegedActionException'{0x00000000a7e598f8}> (0x00000000a7e598f8) thrown at [./src/hotspot/share/prims/jvm.cpp, line 1306]
Event: 559.333 Thread 0x0000027e6fdd4800 Exception <a 'java/security/PrivilegedActionException'{0x00000000a7e5ae60}> (0x00000000a7e5ae60) thrown at [./src/hotspot/share/prims/jvm.cpp, line 1306]
Event: 571.888 Thread 0x0000027e6fdd4800 Exception <a 'java/lang/ClassNotFoundException'{0x00000000a79c3778}: com/android/build/gradle/LibraryExtension_DecoratedBeanInfo> (0x00000000a79c3778) thrown at [./src/hotspot/share/classfile/systemDictionary.cpp, line 231]
Event: 571.890 Thread 0x0000027e6fdd4800 Exception <a 'java/lang/ClassNotFoundException'{0x00000000a79e3c80}: com/android/build/gradle/LibraryExtensionBeanInfo> (0x00000000a79e3c80) thrown at [./src/hotspot/share/classfile/systemDictionary.cpp, line 231]
Event: 571.892 Thread 0x0000027e6fdd4800 Exception <a 'java/lang/ClassNotFoundException'{0x00000000a7808e70}: com/android/build/gradle/LibraryExtensionCustomizer> (0x00000000a7808e70) thrown at [./src/hotspot/share/classfile/systemDictionary.cpp, line 231]
Event: 571.903 Thread 0x0000027e6fdd4800 Exception <a 'java/lang/ClassNotFoundException'{0x00000000a78f0d98}: com/android/build/gradle/LibraryExtension_DecoratedCustomizer> (0x00000000a78f0d98) thrown at [./src/hotspot/share/classfile/systemDictionary.cpp, line 231]
Event: 571.941 Thread 0x0000027e6fdd4800 Exception <a 'java/lang/ClassNotFoundException'{0x00000000a7669d90}: com/android/build/gradle/internal/dsl/LintOptions_DecoratedBeanInfo> (0x00000000a7669d90) thrown at [./src/hotspot/share/classfile/systemDictionary.cpp, line 231]
Event: 571.943 Thread 0x0000027e6fdd4800 Exception <a 'java/lang/ClassNotFoundException'{0x00000000a768e330}: com/android/build/gradle/internal/dsl/LintOptionsBeanInfo> (0x00000000a768e330) thrown at [./src/hotspot/share/classfile/systemDictionary.cpp, line 231]
Event: 571.945 Thread 0x0000027e6fdd4800 Exception <a 'java/lang/ClassNotFoundException'{0x00000000a76b3d18}: com/android/build/gradle/internal/dsl/LintOptionsCustomizer> (0x00000000a76b3d18) thrown at [./src/hotspot/share/classfile/systemDictionary.cpp, line 231]
Event: 571.952 Thread 0x0000027e6fdd4800 Exception <a 'java/lang/ClassNotFoundException'{0x00000000a7516288}: com/android/build/gradle/internal/dsl/LintOptions_DecoratedCustomizer> (0x00000000a7516288) thrown at [./src/hotspot/share/classfile/systemDictionary.cpp, line 231]
Event: 571.965 Thread 0x0000027e6fdd4800 Exception <a 'java/lang/ClassNotFoundException'{0x00000000a7581620}: build_1xlvdybpxg9rz486jakhtbyyq$_run_closure2BeanInfo> (0x00000000a7581620) thrown at [./src/hotspot/share/classfile/systemDictionary.cpp, line 231]
Event: 571.967 Thread 0x0000027e6fdd4800 Exception <a 'java/lang/ClassNotFoundException'{0x00000000a759a0e8}: build_1xlvdybpxg9rz486jakhtbyyq$_run_closure2Customizer> (0x00000000a759a0e8) thrown at [./src/hotspot/share/classfile/systemDictionary.cpp, line 231]
Event: 572.010 Thread 0x0000027e6fdd4800 Implicit null exception at 0x0000027e6172b8df to 0x0000027e6172ba8c
Event: 572.012 Thread 0x0000027e6fdd4800 Implicit null exception at 0x0000027e618b06d0 to 0x0000027e618b0b04

Events (20 events):
Event: 571.943 loading class com/android/build/gradle/internal/dsl/LintOptionsBeanInfo done
Event: 571.943 loading class com/android/build/gradle/internal/dsl/LintOptionsCustomizer
Event: 571.943 loading class com/android/build/gradle/internal/dsl/LintOptionsCustomizer done
Event: 571.945 loading class com/android/build/gradle/internal/dsl/LintOptionsCustomizer
Event: 571.945 loading class com/android/build/gradle/internal/dsl/LintOptionsCustomizer done
Event: 571.948 Thread 0x0000027e764ae000 Thread added: 0x0000027e764ae000
Event: 571.949 loading class com/android/build/gradle/internal/dsl/LintOptions_DecoratedCustomizer
Event: 571.949 loading class com/android/build/gradle/internal/dsl/LintOptions_DecoratedCustomizer done
Event: 571.952 loading class com/android/build/gradle/internal/dsl/LintOptions_DecoratedCustomizer
Event: 571.952 loading class com/android/build/gradle/internal/dsl/LintOptions_DecoratedCustomizer done
Event: 571.958 loading class groovy/runtime/metaclass/build_1xlvdybpxg9rz486jakhtbyyq$_run_closure2$_closure7MetaClass
Event: 571.958 loading class groovy/runtime/metaclass/build_1xlvdybpxg9rz486jakhtbyyq$_run_closure2$_closure7MetaClass done
Event: 571.964 loading class build_1xlvdybpxg9rz486jakhtbyyq$_run_closure2BeanInfo
Event: 571.964 loading class build_1xlvdybpxg9rz486jakhtbyyq$_run_closure2BeanInfo done
Event: 571.965 loading class build_1xlvdybpxg9rz486jakhtbyyq$_run_closure2BeanInfo
Event: 571.965 loading class build_1xlvdybpxg9rz486jakhtbyyq$_run_closure2BeanInfo done
Event: 571.965 loading class build_1xlvdybpxg9rz486jakhtbyyq$_run_closure2Customizer
Event: 571.965 loading class build_1xlvdybpxg9rz486jakhtbyyq$_run_closure2Customizer done
Event: 571.966 loading class build_1xlvdybpxg9rz486jakhtbyyq$_run_closure2Customizer
Event: 571.966 loading class build_1xlvdybpxg9rz486jakhtbyyq$_run_closure2Customizer done


Dynamic libraries:
0x00007ff6b0b20000 - 0x00007ff6b0b2a000 	C:\Program Files\Android\android-studio\jre\bin\java.exe
0x00007ff83b350000 - 0x00007ff83b548000 	C:\WINDOWS\SYSTEM32\ntdll.dll
0x00007ff83a010000 - 0x00007ff83a0cd000 	C:\WINDOWS\System32\KERNEL32.DLL
0x00007ff838a60000 - 0x00007ff838d32000 	C:\WINDOWS\System32\KERNELBASE.dll
0x00007ff838fc0000 - 0x00007ff8390c0000 	C:\WINDOWS\System32\ucrtbase.dll
0x00007ff81fcb0000 - 0x00007ff81fcc7000 	C:\Program Files\Android\android-studio\jre\bin\VCRUNTIME140.dll
0x00007ff81fb70000 - 0x00007ff81fb89000 	C:\Program Files\Android\android-studio\jre\bin\jli.dll
0x00007ff83abb0000 - 0x00007ff83ad4d000 	C:\WINDOWS\System32\USER32.dll
0x00007ff823e00000 - 0x00007ff82409a000 	C:\WINDOWS\WinSxS\amd64_microsoft.windows.common-controls_6595b64144ccf1df_6.0.19041.1110_none_60b5254171f9507e\COMCTL32.dll
0x00007ff838ea0000 - 0x00007ff838ec2000 	C:\WINDOWS\System32\win32u.dll
0x00007ff83b100000 - 0x00007ff83b12b000 	C:\WINDOWS\System32\GDI32.dll
0x00007ff83aa90000 - 0x00007ff83ab2e000 	C:\WINDOWS\System32\msvcrt.dll
0x00007ff8391e0000 - 0x00007ff8392ef000 	C:\WINDOWS\System32\gdi32full.dll
0x00007ff838ed0000 - 0x00007ff838f6d000 	C:\WINDOWS\System32\msvcp_win.dll
0x00007ff839e10000 - 0x00007ff839e40000 	C:\WINDOWS\System32\IMM32.DLL
0x00007ff8050d0000 - 0x00007ff80516d000 	C:\Program Files\Android\android-studio\jre\bin\msvcp140.dll
0x00007ff80c660000 - 0x00007ff80d145000 	C:\Program Files\Android\android-studio\jre\bin\server\jvm.dll
0x00007ff83af20000 - 0x00007ff83afce000 	C:\WINDOWS\System32\ADVAPI32.dll
0x00007ff839f70000 - 0x00007ff83a00c000 	C:\WINDOWS\System32\sechost.dll
0x00007ff83afd0000 - 0x00007ff83b0f5000 	C:\WINDOWS\System32\RPCRT4.dll
0x00007ff83b2e0000 - 0x00007ff83b2e8000 	C:\WINDOWS\System32\PSAPI.DLL
0x00007ff823030000 - 0x00007ff823057000 	C:\WINDOWS\SYSTEM32\WINMM.dll
0x00007ff822c80000 - 0x00007ff822c89000 	C:\WINDOWS\SYSTEM32\WSOCK32.dll
0x00007ff83ad50000 - 0x00007ff83adbb000 	C:\WINDOWS\System32\WS2_32.dll
0x00007ff82e320000 - 0x00007ff82e32a000 	C:\WINDOWS\SYSTEM32\VERSION.dll
0x00007ff836970000 - 0x00007ff836982000 	C:\WINDOWS\SYSTEM32\kernel.appcore.dll
0x00007ff8340d0000 - 0x00007ff8340e1000 	C:\Program Files\Android\android-studio\jre\bin\verify.dll
0x00007ff823100000 - 0x00007ff8232e4000 	C:\WINDOWS\SYSTEM32\DBGHELP.DLL
0x00007ff822e00000 - 0x00007ff822e2c000 	C:\WINDOWS\SYSTEM32\dbgcore.DLL
0x00007ff839320000 - 0x00007ff8393a2000 	C:\WINDOWS\System32\bcryptPrimitives.dll
0x00007ff8340a0000 - 0x00007ff8340c9000 	C:\Program Files\Android\android-studio\jre\bin\java.dll
0x00007ff834090000 - 0x00007ff83409b000 	C:\Program Files\Android\android-studio\jre\bin\jimage.dll
0x00007ff834070000 - 0x00007ff834088000 	C:\Program Files\Android\android-studio\jre\bin\zip.dll
0x00007ff8394f0000 - 0x00007ff839c33000 	C:\WINDOWS\System32\SHELL32.dll
0x00007ff836b20000 - 0x00007ff8372b1000 	C:\WINDOWS\SYSTEM32\windows.storage.dll
0x00007ff83a0d0000 - 0x00007ff83a424000 	C:\WINDOWS\System32\combase.dll
0x00007ff8384c0000 - 0x00007ff8384f0000 	C:\WINDOWS\SYSTEM32\Wldp.dll
0x00007ff83adc0000 - 0x00007ff83ae6d000 	C:\WINDOWS\System32\SHCORE.dll
0x00007ff839ca0000 - 0x00007ff839cf5000 	C:\WINDOWS\System32\shlwapi.dll
0x00007ff8389a0000 - 0x00007ff8389bf000 	C:\WINDOWS\SYSTEM32\profapi.dll
0x00007ff834050000 - 0x00007ff83406a000 	C:\Program Files\Android\android-studio\jre\bin\net.dll
0x00007ff82c4d0000 - 0x00007ff82c5dd000 	C:\WINDOWS\SYSTEM32\WINHTTP.dll
0x00007ff838220000 - 0x00007ff83828a000 	C:\WINDOWS\system32\mswsock.dll
0x00007ff834030000 - 0x00007ff834044000 	C:\Program Files\Android\android-studio\jre\bin\nio.dll
0x00007ff81fab0000 - 0x00007ff81fad7000 	C:\Users\hp\.gradle\native\e1d6ef7f7dcc3fd88c89a11ec53ec762bb8ba0a96d01ffa2cd45eb1d1d8dd5c5\windows-amd64\native-platform.dll
0x00007ff804f80000 - 0x00007ff8050c4000 	C:\Users\hp\.gradle\native\0d407fdbe67a94daf76414ababcb853783967236a71b16ec16e742cd7a986fd3\windows-amd64\native-platform-file-events.dll
0x00007ff834020000 - 0x00007ff83402a000 	C:\Program Files\Android\android-studio\jre\bin\management.dll
0x00007ff834010000 - 0x00007ff83401d000 	C:\Program Files\Android\android-studio\jre\bin\management_ext.dll
0x00007ff838410000 - 0x00007ff838428000 	C:\WINDOWS\SYSTEM32\CRYPTSP.dll
0x00007ff837ad0000 - 0x00007ff837b04000 	C:\WINDOWS\system32\rsaenh.dll
0x00007ff8392f0000 - 0x00007ff839317000 	C:\WINDOWS\System32\bcrypt.dll
0x00007ff838920000 - 0x00007ff83894e000 	C:\WINDOWS\SYSTEM32\USERENV.dll
0x00007ff838430000 - 0x00007ff83843c000 	C:\WINDOWS\SYSTEM32\CRYPTBASE.dll
0x00007ff837ec0000 - 0x00007ff837efb000 	C:\WINDOWS\SYSTEM32\IPHLPAPI.DLL
0x00007ff83af10000 - 0x00007ff83af18000 	C:\WINDOWS\System32\NSI.dll
0x00007ff82c4b0000 - 0x00007ff82c4c7000 	C:\WINDOWS\SYSTEM32\dhcpcsvc6.DLL
0x00007ff82e270000 - 0x00007ff82e28d000 	C:\WINDOWS\SYSTEM32\dhcpcsvc.DLL
0x00007ff837f10000 - 0x00007ff837fda000 	C:\WINDOWS\SYSTEM32\DNSAPI.dll

dbghelp: loaded successfully - version: 4.0.5 - missing functions: none
symbol engine: initialized successfully - sym options: 0x614 - pdb path: .;C:\Program Files\Android\android-studio\jre\bin;C:\WINDOWS\SYSTEM32;C:\WINDOWS\WinSxS\amd64_microsoft.windows.common-controls_6595b64144ccf1df_6.0.19041.1110_none_60b5254171f9507e;C:\Program Files\Android\android-studio\jre\bin\server;C:\Users\hp\.gradle\native\e1d6ef7f7dcc3fd88c89a11ec53ec762bb8ba0a96d01ffa2cd45eb1d1d8dd5c5\windows-amd64;C:\Users\hp\.gradle\native\0d407fdbe67a94daf76414ababcb853783967236a71b16ec16e742cd7a986fd3\windows-amd64

VM Arguments:
jvm_args: --add-opens=java.base/java.util=ALL-UNNAMED --add-opens=java.base/java.lang=ALL-UNNAMED --add-opens=java.base/java.lang.invoke=ALL-UNNAMED --add-opens=java.base/java.util=ALL-UNNAMED --add-opens=java.prefs/java.util.prefs=ALL-UNNAMED --add-opens=java.prefs/java.util.prefs=ALL-UNNAMED --add-opens=java.base/java.nio.charset=ALL-UNNAMED --add-opens=java.base/java.net=ALL-UNNAMED --add-opens=java.base/java.util.concurrent.atomic=ALL-UNNAMED -Xmx1536M -Dfile.encoding=windows-1252 -Duser.country=CH -Duser.language=fr -Duser.variant 
java_command: org.gradle.launcher.daemon.bootstrap.GradleDaemon 7.4
java_class_path (initial): C:\Users\hp\.gradle\wrapper\dists\gradle-7.4-all\aadb4xli5jkdsnukm30eibyiu\gradle-7.4\lib\gradle-launcher-7.4.jar
Launcher Type: SUN_STANDARD

[Global flags]
     intx CICompilerCount                          = 3                                         {product} {ergonomic}
     uint ConcGCThreads                            = 1                                         {product} {ergonomic}
     uint G1ConcRefinementThreads                  = 4                                         {product} {ergonomic}
   size_t G1HeapRegionSize                         = 1048576                                   {product} {ergonomic}
    uintx GCDrainStackTargetSize                   = 64                                        {product} {ergonomic}
   size_t InitialHeapSize                          = 134217728                                 {product} {ergonomic}
   size_t MarkStackSize                            = 4194304                                   {product} {ergonomic}
   size_t MaxHeapSize                              = 1610612736                                {product} {command line}
   size_t MaxNewSize                               = 965738496                                 {product} {ergonomic}
   size_t MinHeapDeltaBytes                        = 1048576                                   {product} {ergonomic}
    uintx NonNMethodCodeHeapSize                   = 5830732                                {pd product} {ergonomic}
    uintx NonProfiledCodeHeapSize                  = 122913754                              {pd product} {ergonomic}
    uintx ProfiledCodeHeapSize                     = 122913754                              {pd product} {ergonomic}
    uintx ReservedCodeCacheSize                    = 251658240                              {pd product} {ergonomic}
     bool SegmentedCodeCache                       = true                                      {product} {ergonomic}
     bool UseCompressedClassPointers               = true                                 {lp64_product} {ergonomic}
     bool UseCompressedOops                        = true                                 {lp64_product} {ergonomic}
     bool UseG1GC                                  = true                                      {product} {ergonomic}
     bool UseLargePagesIndividualAllocation        = false                                  {pd product} {ergonomic}

Logging:
Log output configuration:
 #0: stdout all=warning uptime,level,tags
 #1: stderr all=off uptime,level,tags

Environment Variables:
JAVA_HOME=C:\Program Files\Android\android-studio\jre
CLASSPATH=C:\Users\hp\Desktop\PROJET_FLUTTER_FIREBASE\projet_reel\application_chat\jokko\android\\gradle\wrapper\gradle-wrapper.jar
PATH=C:\Program Files\Microsoft\jdk-11.0.12.7-hotspot\bin;C:\Program Files (x86)\Common Files\Oracle\Java\javapath;C:\Program Files\Java\jdk1.8.0_261\bin;C:\ProgramData\chocolatey\bin;C:\Users\hp\Documents\NetBeansProjects;C:\Program Files\nodejs;C:\Program Files\Microsoft SQL Server\150\Tools\Binn\;C:\Program Files\nodejs\;C:\src\flutter\bin;C:\Windows\System32;C:\src\flutter\bin;C:\Program Files\dotnet\;C:\Program Files (x86)\IncrediBuild;C:\Program Files\Git\cmd;C:\ProgramData\Microsoft\Windows\Start Menu\Programs\PowerShell;C:\WINDOWS\System32\WindowsPowerShell\v1.0\;Bureau;C:\Windows\System32;FIREBASE\Projet\app1\.android\;C:\Users\hp\.dotnet\tools;C:\Users\hp\Desktop\platform-tools_r33.0.2-windows\platform-tools;C:\flutter;C:\Users\hp\AppData\Local\Programs\Microsoft VS Code\bin;C:\src\flutter\bin\mingit\cmd
USERNAME=hp
LANG=fr_FR.UTF-8
OS=Windows_NT
PROCESSOR_IDENTIFIER=Intel64 Family 6 Model 69 Stepping 1, GenuineIntel



---------------  S Y S T E M  ---------------

OS: Windows 10 , 64 bit Build 19041 (10.0.19041.1889)
OS uptime: 0 days 5:09 hours

CPU:total 4 (initial active 4) (2 cores per cpu, 2 threads per core) family 6 model 69 stepping 1 microcode 0x25, cmov, cx8, fxsr, mmx, sse, sse2, sse3, ssse3, sse4.1, sse4.2, popcnt, avx, avx2, aes, clmul, erms, lzcnt, ht, tsc, tscinvbit, bmi1, bmi2, fma

Memory: 4k page, system-wide physical 8089M (451M free)
TotalPageFile size 13675M (AvailPageFile size 0M)
current process WorkingSet (physical memory assigned to process): 317M, peak: 324M
current process commit charge ("private bytes"): 387M, peak: 396M

vm_info: OpenJDK 64-Bit Server VM (11.0.12+7-b1504.28-7817840) for windows-amd64 JRE (11.0.12+7-b1504.28-7817840), built on Oct 13 2021 22:12:33 by "builder" with MS VC++ 14.0 (VS2015)

END.
